Arguments: 
  /Users/yzhbankov/.nvm/versions/node/v14.19.2/bin/node /Users/yzhbankov/.nvm/versions/node/v14.19.2/bin/yarn install

PATH: 
  /opt/homebrew/opt/mariadb@10.5/bin:/opt/homebrew/opt/mariadb@10.5/bin:/opt/homebrew/opt/mariadb@10.5/bin:/Users/yzhbankov/.nvm/versions/node/v14.19.2/bin:/opt/homebrew/bin:/opt/homebrew/sbin:/usr/local/bin:/usr/bin:/bin:/usr/sbin:/sbin:/Library/Apple/usr/bin:/Users/yzhbankov/Documents/petprojects/inContact/node_modules/.bin

Yarn version: 
  1.22.18

Node version: 
  14.19.2

Platform: 
  darwin x64

Trace: 
  Error: EACCES: permission denied, unlink '/Users/yzhbankov/Documents/petprojects/inContact/shared/db-migration/node_modules/.bin/cross-env'

npm manifest: 
  {
    "name": "incontact",
    "version": "1.0.0",
    "type": "module",
    "engines": {
      "node": ">=14.15.4",
      "npm": ">=6.14.10"
    },
    "scripts": {
      "test:unit": "lerna run test:unit",
      "lint": "lerna run lint",
      "lint:fix": "lerna run lint:fix",
      "clean": "lerna run clean && yarn run clean:node_modules",
      "clean:node_modules": "rimraf node_modules",
      "code": "yarn run format:check && yarn run lint",
      "format:check": "prettier --config .prettierrc.json --check '**/*.{cjs,mjs,js,jsx,ts,tsx}'",
      "format": "prettier --config .prettierrc.json --write '**/*.{cjs,mjs,js,jsx,ts,tsx}'",
      "reset": "yarn run clean && yarn install",
      "start:ui": "cd apps/ui && yarn start",
      "start:scanner": "cd apps/data-scanner && yarn start",
      "start:analyzer": "cd apps/data-analyzer && yarn start",
      "start:monitor:sr": "cd apps/monitor-server && yarn start",
      "build:monitor:cl": "cd apps/monitor-client && yarn build"
    },
    "repository": {
      "type": "git",
      "url": "https://github.com/yzhbankov/inContact#readme"
    },
    "workspaces": [
      "shared/logger",
      "shared/repository",
      "shared/notificator",
      "shared/db-migration",
      "shared/env",
      "apps/data-analyzer",
      "apps/data-scanner",
      "apps/monitor-server",
      "apps/monitor-client",
      "apps/ui"
    ],
    "private": true,
    "dependencies": {
      "lerna": "^4.0.0",
      "rimraf": "^3.0.2"
    },
    "devDependencies": {
      "@types/node": "^13.13.30",
      "babel-eslint": "^10.1.0",
      "eslint": "^7.26.0",
      "eslint-config-airbnb": "^18.2.1",
      "eslint-config-prettier": "^6.15.0",
      "eslint-plugin-import": "^2.22.1",
      "eslint-plugin-jsx-a11y": "^6.4.1",
      "eslint-plugin-mocha": "^8.1.0",
      "eslint-plugin-prettier": "^3.1.4",
      "eslint-plugin-react": "^7.30.1",
      "eslint-plugin-react-hooks": "^4.6.0",
      "tslint": "^6.1.3",
      "tslint-config-prettier": "^1.18.0",
      "tslint-plugin-prettier": "^2.3.0",
      "tslint-react": "^5.0.0",
      "prettier": "2.2.1"
    },
    "license": "UNLICENSED"
  }

yarn manifest: 
  No manifest

Lockfile: 
  No lockfile
