Arguments: 
  /home/rtls/.nvm/versions/node/v14.15.4/bin/node /home/rtls/.nvm/versions/node/v14.15.4/bin/yarn add telegram

PATH: 
  /home/rtls/.nvm/versions/node/v14.15.4/bin:/usr/local/bin:/usr/local/sbin:/usr/bin:/usr/sbin:/bin:/sbin:/var/lib/snapd/snap/bin:/home/rtls/.local/bin:/home/rtls/bin:/home/rtls/.local/bin:/home/rtls/bin

Yarn version: 
  1.22.10

Node version: 
  14.15.4

Platform: 
  linux x64

Trace: 
  Error: https://registry.yarnpkg.com/@rtls-platform%2flogger: Not found
      at Request.params.callback [as _callback] (/home/rtls/.nvm/versions/node/v14.15.4/lib/node_modules/yarn/lib/cli.js:66988:18)
      at Request.self.callback (/home/rtls/.nvm/versions/node/v14.15.4/lib/node_modules/yarn/lib/cli.js:140662:22)
      at Request.emit (events.js:315:20)
      at Request.<anonymous> (/home/rtls/.nvm/versions/node/v14.15.4/lib/node_modules/yarn/lib/cli.js:141634:10)
      at Request.emit (events.js:315:20)
      at IncomingMessage.<anonymous> (/home/rtls/.nvm/versions/node/v14.15.4/lib/node_modules/yarn/lib/cli.js:141556:12)
      at Object.onceWrapper (events.js:421:28)
      at IncomingMessage.emit (events.js:327:22)
      at endReadableNT (internal/streams/readable.js:1327:12)
      at processTicksAndRejections (internal/process/task_queues.js:80:21)

npm manifest: 
  {
    "name": "incontact-data-scanner",
    "version": "1.0.0",
    "description": "",
    "main": "apps/data-scanner/app.mjs",
    "engines": {
      "node": ">=14.15.4",
      "npm": ">=6.14.10"
    },
    "scripts": {
      "test:unit": "mocha --es-module-specifier-resolution=node lib/**/*.test.mjs",
      "test:unit:coverage": "cross-env NODE_ENV=test c8 yarn test:unit",
      "test:integration": "cross-env NODE_ENV=test mocha --exit --es-module-specifier-resolution=node e2e/integration/*.test.mjs",
      "test:integration:ci": "cross-env NODE_ENV=gitlab mocha --exit --es-module-specifier-resolution=node --timeout 10000 e2e/integration/*.test.mjs",
      "test:integration:coverage": "cross-env NODE_ENV=test c8 yarn test:integration",
      "test:coverage": "cross-env NODE_ENV=test c8 mocha --exit --es-module-specifier-resolution=node --timeout 10000 e2e/integration/*.test.mjs lib/**/*.test.mjs",
      "test:ci": "yarn test:unit && yarn test:integration:ci",
      "lint": "eslint .",
      "lint:fix": "eslint --fix --ext .mjs .",
      "reset": "yarn clean && yarn",
      "clean": "rimraf node_modules",
      "prep-build": "",
      "preversion": "",
      "migration:add": "node ../../node_modules/db-migrate/bin/db-migrate  -m lib/db/migrations --config lib/db/database.json create $NAME --sql-file",
      "migration:run": "cross-env NODE_ENV=production node ../../node_modules/db-migrate/bin/db-migrate up -m lib/db/migrations --config lib/db/database.json",
      "start": "cross-env NODE_ENV=production node --experimental-modules --es-module-specifier-resolution=node app"
    },
    "dependencies": {
      "@rtls-platform/logger": "1.0.0",
      "@rtls-platform/repository": "1.0.0",
      "cross-env": "^7.0.3",
      "db-migrate": "^0.11.13",
      "db-migrate-pg": "^1.2.2",
      "dotenv-defaults": "^2.0.1",
      "livr": "^2.3.3",
      "livr-extra-rules": "^1.2.1",
      "node-telegram-bot-api": "^0.56.0",
      "pg": "^8.7.1"
    },
    "devDependencies": {
      "c8": "^7.9.0",
      "mocha": "^8.4.0",
      "supertest": "^6.1.3"
    },
    "c8": {
      "exclude": [
        "e2e/**",
        "app.mjs",
        "**/*.test.mjs"
      ],
      "check-coverage": true,
      "skip-full": false,
      "all": true
    },
    "license": "UNLICENSED"
  }

yarn manifest: 
  No manifest

Lockfile: 
  No lockfile
